<?xml version="1.0" encoding="UTF-8"?>
<!-- Generated by org.testng.reporters.JUnitReportReporter -->
<testsuite hostname="Trantor-LP424" failures="0" tests="2" name="com.TestCases.LoginTest" time="2.510" errors="0" timestamp="2024-04-08T17:13:29 IST" skipped="0">
  <testcase classname="com.TestCases.LoginTest" name="loginApp" time="2.291"/>
  <testcase classname="com.TestCases.LoginTest" name="verifyPageTitle" time="0.219"/>
  <system-out>
    <![CDATA[Setting up reports and Test is getting started 
Setting done - execution of TC can be started.
Trying to start Browser 
Browser Application is Up and Running ]]>
  </system-out>
</testsuite> <!-- com.TestCases.LoginTest -->
